Added Component: Designator=1(HED2)
Added Component: Designator=2(TO252-123)
Added Component: Designator=C1(SM-CAP-0805)
Added Component: Designator=C2(SM-CAP-0805)
Added Component: Designator=C3(SM-CAP-0805)
Added Component: Designator=C4(SM-CAP-0805)
Added Component: Designator=C5(CAP-ALU-SMD-4.5x5x1.4)
Added Component: Designator=C6(CAP-ALU-SMD-4.5x5x1.4)
Added Component: Designator=C7(CAP-ALU-SMD-4.5x5x1.4)
Added Component: Designator=DIO1(DIO-SMD-106)
Added Component: Designator=flash1(SW-DIP1)
Added Component: Designator=IC1(TO92-321)
Added Component: Designator=J1(MQ2)
Added Component: Designator=J2(USB-M1)
Added Component: Designator=LED1(LED-0805-Blue)
Added Component: Designator=LED2(LED-0805-Blue)
Added Component: Designator=R1(RES-SMD-0805)
Added Component: Designator=R2(RES-SMD-0805)
Added Component: Designator=R3(RES-SMD-0805)
Added Component: Designator=R4(RES-SMD-0805)
Added Component: Designator=R5(RES-SMD-0805)
Added Component: Designator=R6(RES-SMD-0805)
Added Component: Designator=R7(RES-SMD-0805)
Added Component: Designator=R8(RES-SMD-0805)
Added Component: Designator=R9(RES-SMD-0805)
Added Component: Designator=R10(RES-SMD-0805)
Added Component: Designator=Reset1(SW1-SMD)
Added Component: Designator=U1(ESP_12_E)
Added Component: Designator=U2(SO8)
Added Component: Designator=U3(SOT223)
Added Component: Designator=VR1(VR1)
Added Pin To Net: NetName=3.3V Pin=C4-2
Added Pin To Net: NetName=3.3V Pin=C7-1
Added Pin To Net: NetName=3.3V Pin=IC1-3
Added Pin To Net: NetName=3.3V Pin=LED2-1
Added Pin To Net: NetName=3.3V Pin=R1-1
Added Pin To Net: NetName=3.3V Pin=R2-2
Added Pin To Net: NetName=3.3V Pin=R3-1
Added Pin To Net: NetName=3.3V Pin=R4-1
Added Pin To Net: NetName=3.3V Pin=R9-1
Added Pin To Net: NetName=3.3V Pin=U1-8
Added Pin To Net: NetName=3.3V Pin=U3-2
Added Net: Name=3.3V
Added Pin To Net: NetName=5V Pin=2-3
Added Pin To Net: NetName=5V Pin=C3-2
Added Pin To Net: NetName=5V Pin=C6-1
Added Pin To Net: NetName=5V Pin=J1-1
Added Pin To Net: NetName=5V Pin=J1-2
Added Pin To Net: NetName=5V Pin=J1-3
Added Pin To Net: NetName=5V Pin=J2-1
Added Pin To Net: NetName=5V Pin=R6-1
Added Pin To Net: NetName=5V Pin=U2-8
Added Pin To Net: NetName=5V Pin=U3-3
Added Pin To Net: NetName=5V Pin=VR1-1
Added Net: Name=5V
Added Pin To Net: NetName=12V Pin=1-1
Added Pin To Net: NetName=12V Pin=DIO1-1
Added Net: Name=12V
Added Pin To Net: NetName=ADC Pin=J1-4
Added Pin To Net: NetName=ADC Pin=J1-6
Added Pin To Net: NetName=ADC Pin=R8-1
Added Pin To Net: NetName=ADC Pin=U1-2
Added Pin To Net: NetName=ADC Pin=U2-2
Added Net: Name=ADC
Added Pin To Net: NetName=DC Pin=C1-2
Added Pin To Net: NetName=DC Pin=LED1-2
Added Pin To Net: NetName=DC Pin=U1-20
Added Pin To Net: NetName=DC Pin=U2-1
Added Net: Name=DC
Added Pin To Net: NetName=DQ Pin=IC1-2
Added Pin To Net: NetName=DQ Pin=R9-2
Added Pin To Net: NetName=DQ Pin=U1-19
Added Net: Name=DQ
Added Pin To Net: NetName=GND Pin=1-2
Added Pin To Net: NetName=GND Pin=2-2
Added Pin To Net: NetName=GND Pin=C1-1
Added Pin To Net: NetName=GND Pin=C2-1
Added Pin To Net: NetName=GND Pin=C3-1
Added Pin To Net: NetName=GND Pin=C4-1
Added Pin To Net: NetName=GND Pin=C5-2
Added Pin To Net: NetName=GND Pin=C6-2
Added Pin To Net: NetName=GND Pin=C7-2
Added Pin To Net: NetName=GND Pin=flash1-1
Added Pin To Net: NetName=GND Pin=IC1-1
Added Pin To Net: NetName=GND Pin=J2-5
Added Pin To Net: NetName=GND Pin=J2-5
Added Pin To Net: NetName=GND Pin=J2-5
Added Pin To Net: NetName=GND Pin=R5-1
Added Pin To Net: NetName=GND Pin=R7-2
Added Pin To Net: NetName=GND Pin=R8-2
Added Pin To Net: NetName=GND Pin=R10-2
Added Pin To Net: NetName=GND Pin=Reset1-1
Added Pin To Net: NetName=GND Pin=U1-15
Added Pin To Net: NetName=GND Pin=U2-4
Added Pin To Net: NetName=GND Pin=U3-1
Added Pin To Net: NetName=GND Pin=VR1-3
Added Net: Name=GND
Added Pin To Net: NetName=Net2_1 Pin=2-1
Added Pin To Net: NetName=Net2_1 Pin=C2-2
Added Pin To Net: NetName=Net2_1 Pin=C5-1
Added Pin To Net: NetName=Net2_1 Pin=DIO1-2
Added Net: Name=Net2_1
Added Pin To Net: NetName=Netflash1_2 Pin=flash1-2
Added Pin To Net: NetName=Netflash1_2 Pin=R3-2
Added Pin To Net: NetName=Netflash1_2 Pin=U1-18
Added Net: Name=Netflash1_2
Added Pin To Net: NetName=NetJ1_5 Pin=J1-5
Added Pin To Net: NetName=NetJ1_5 Pin=R7-1
Added Net: Name=NetJ1_5
Added Pin To Net: NetName=NetLED1_1 Pin=LED1-1
Added Pin To Net: NetName=NetLED1_1 Pin=R6-2
Added Net: Name=NetLED1_1
Added Pin To Net: NetName=NetLED2_2 Pin=LED2-2
Added Pin To Net: NetName=NetLED2_2 Pin=R10-1
Added Net: Name=NetLED2_2
Added Pin To Net: NetName=NetR1_2 Pin=R1-2
Added Pin To Net: NetName=NetR1_2 Pin=Reset1-2
Added Pin To Net: NetName=NetR1_2 Pin=U1-1
Added Net: Name=NetR1_2
Added Pin To Net: NetName=NetR2_1 Pin=R2-1
Added Pin To Net: NetName=NetR2_1 Pin=U1-3
Added Net: Name=NetR2_1
Added Pin To Net: NetName=NetR4_2 Pin=R4-2
Added Pin To Net: NetName=NetR4_2 Pin=U1-17
Added Net: Name=NetR4_2
Added Pin To Net: NetName=NetR5_2 Pin=R5-2
Added Pin To Net: NetName=NetR5_2 Pin=U1-16
Added Net: Name=NetR5_2
Added Pin To Net: NetName=NetU2_3 Pin=U2-3
Added Pin To Net: NetName=NetU2_3 Pin=VR1-2
Added Net: Name=NetU2_3
Added Pin To Net: NetName=RX Pin=J2-2
Added Pin To Net: NetName=RX Pin=U1-22
Added Net: Name=RX
Added Pin To Net: NetName=TX Pin=J2-3
Added Pin To Net: NetName=TX Pin=U1-21
Added Net: Name=TX
Added Class: Name=Gas_Sensor_Schematic
Added Room: Name=Gas_Sensor_Schematic
